<?xml version="1.0" encoding="UTF-8"?>
<!-- Generated by org.testng.reporters.JUnitReportReporter -->
<testsuite skipped="0" hostname="Fariz-PC" name="test.PhotosSection.TestEditAlbum" tests="4" failures="0" timestamp="2021-02-02T15:23:55 PKT" time="13.635" errors="0">
  <testcase name="validate_NewFolderCreated" time="4.377" classname="test.PhotosSection.TestEditAlbum"/>
  <system-out>
'AutoCreate' Folder created successfully  </system-out>
  <testcase name="clickOnEditAlbum" time="1.355" classname="test.PhotosSection.TestEditAlbum"/>
  <system-out>
Edit Album button working  </system-out>
  <testcase name="varify_AlbumRenameWorking" time="4.190" classname="test.PhotosSection.TestEditAlbum"/>
  <system-out>
Album Rename working  </system-out>
  <testcase name="varify_AlbumDeleteWorking" time="3.713" classname="test.PhotosSection.TestEditAlbum"/>
  <system-out>
Album Delete button Working  </system-out>
</testsuite> <!-- test.PhotosSection.TestEditAlbum -->
