<?xml version="1.0" encoding="UTF-8"?>
<!-- Generated by org.testng.reporters.JUnitReportReporter -->
<testsuite skipped="0" hostname="Fariz-PC" name="test.TestVerifyHidePhotos" tests="4" failures="0" timestamp="2021-01-27T13:02:48 PKT" time="11.840" errors="0">
  <testcase name="Validate_CountImages" time="5.012" classname="test.TestVerifyHidePhotos"/>
  <system-out/>
  <testcase name="Validate_ImagesSelected" time="3.115" classname="test.TestVerifyHidePhotos"/>
  <system-out/>
  <testcase name="Validate_HideButton_working" time="0.986" classname="test.TestVerifyHidePhotos"/>
  <system-out/>
  <testcase name="Validate_All_ImagesUpladed" time="2.727" classname="test.TestVerifyHidePhotos"/>
  <system-out/>
</testsuite> <!-- test.TestVerifyHidePhotos -->
