<?xml version="1.0" encoding="UTF-8"?>
<!-- Generated by org.testng.reporters.JUnitReportReporter -->
<testsuite skipped="0" hostname="Fariz-PC" name="test.TestDeletePhotos" tests="2" failures="0" timestamp="2021-01-27T14:49:59 PKT" time="10.611" errors="0">
  <testcase name="VerifyAllPhotos_Selected" time="8.040" classname="test.TestDeletePhotos"/>
  <system-out/>
  <testcase name="VeryDeletePhotos_working" time="2.571" classname="test.TestDeletePhotos"/>
  <system-out/>
</testsuite> <!-- test.TestDeletePhotos -->
