<?xml version="1.0" encoding="UTF-8"?>
<!-- Generated by org.testng.reporters.JUnitReportReporter -->
<testsuite skipped="0" hostname="Fariz-PC" name="test.VideosSection.TestOpenVideos" tests="3" failures="0" timestamp="2021-02-02T15:23:55 PKT" time="4.825" errors="0">
  <testcase name="validate_ClickOnVideosSection" time="1.728" classname="test.VideosSection.TestOpenVideos"/>
  <system-out>
Videos Section open succesfully  </system-out>
  <testcase name="validate_TutorialPopUpSkipped" time="2.108" classname="test.VideosSection.TestOpenVideos"/>
  <system-out>
Tutorial Popup Skipped  </system-out>
  <testcase name="validate_VideosPageTitle_correct" time="0.989" classname="test.VideosSection.TestOpenVideos"/>
  <system-out>
Title Equal as per Expected  </system-out>
</testsuite> <!-- test.VideosSection.TestOpenVideos -->
