<?xml version="1.0" encoding="UTF-8"?>
<!-- Generated by org.testng.reporters.JUnitReportReporter -->
<testsuite skipped="0" hostname="Fariz-PC" name="test.TestUnhidePhotos" tests="1" failures="0" timestamp="2021-01-26T18:56:05 PKT" time="3.767" errors="0">
  <testcase name="selectMediaToUnhide" time="3.767" classname="test.TestUnhidePhotos"/>
  <system-out/>
</testsuite> <!-- test.TestUnhidePhotos -->
