<?xml version="1.0" encoding="UTF-8"?>
<!-- Generated by org.testng.reporters.JUnitReportReporter -->
<testsuite skipped="0" hostname="Fariz-PC" name="test.TestCreateNewAlbum" tests="3" failures="0" timestamp="2021-01-29T16:06:58 PKT" time="6.394" errors="0">
  <testcase name="validate_NewFolderCreated" time="3.536" classname="test.TestCreateNewAlbum"/>
  <system-out>
'AutoCreate' Folder created successfully  </system-out>
  <testcase name="validate_FolderIsOpen" time="0.961" classname="test.TestCreateNewAlbum"/>
  <system-out>
Folder Open succesfully  </system-out>
  <testcase name="validate_FolderTitle_correct" time="1.897" classname="test.TestCreateNewAlbum"/>
  <system-out>
'AutoCreate' title same as expected  </system-out>
</testsuite> <!-- test.TestCreateNewAlbum -->
