<?xml version="1.0" encoding="UTF-8"?>
<!-- Generated by org.testng.reporters.JUnitReportReporter -->
<testsuite skipped="0" hostname="Fariz-PC" name="test.PhotosSection.TestBackButton" tests="2" failures="0" timestamp="2021-02-24T17:31:40 PKT" time="4.712" errors="0">
  <testcase name="pressBackButton" time="2.541" classname="test.PhotosSection.TestBackButton"/>
  <system-out>
Press back button two time to go back main screen  </system-out>
  <testcase name="pressBackButton" time="2.171" classname="test.PhotosSection.TestBackButton"/>
  <system-out>
Press back button two time to go back main screen  </system-out>
</testsuite> <!-- test.PhotosSection.TestBackButton -->
