<?xml version="1.0" encoding="UTF-8"?>
<!-- Generated by org.testng.reporters.JUnitReportReporter -->
<testsuite skipped="0" hostname="Fariz-PC" name="test.TestOpenGallery" tests="5" failures="0" timestamp="2021-01-29T16:06:58 PKT" time="4.524" errors="0">
  <testcase name="validate_PlusButton_Working" time="0.465" classname="test.TestOpenGallery"/>
  <system-out>
Import Plus Button Working fine  </system-out>
  <testcase name="validate_ImportFromGalleryBtn_Working" time="1.229" classname="test.TestOpenGallery"/>
  <system-out>
import From gallery working  </system-out>
  <testcase name="validate_GalleryTitle_Correct" time="1.552" classname="test.TestOpenGallery"/>
  <system-out>
Open Gallery Title of image Library is correct  </system-out>
  <testcase name="validate_ImagesFoundOnDevice" time="0.576" classname="test.TestOpenGallery"/>
  <system-out>
Total Folder : 1  </system-out>
  <testcase name="validate_ImageFolder_Open" time="0.702" classname="test.TestOpenGallery"/>
  <system-out>
Use FolderLock Unhide Files Folder for uploading images  </system-out>
</testsuite> <!-- test.TestOpenGallery -->
