<?xml version="1.0" encoding="UTF-8"?>
<!-- Generated by org.testng.reporters.JUnitReportReporter -->
<testsuite skipped="0" hostname="Fariz-PC" name="test.TestVerifyHidePhotos" tests="4" failures="0" timestamp="2021-01-29T16:06:58 PKT" time="8.437" errors="0">
  <testcase name="Validate_CountImages" time="1.906" classname="test.TestVerifyHidePhotos"/>
  <system-out>
before upload :4  </system-out>
  <testcase name="Validate_ImagesSelected" time="3.574" classname="test.TestVerifyHidePhotos"/>
  <system-out>
All images selected  </system-out>
  <testcase name="Validate_HideButton_working" time="1.016" classname="test.TestVerifyHidePhotos"/>
  <system-out>
Hide buttton working  </system-out>
  <testcase name="Validate_All_ImagesUpladed" time="1.941" classname="test.TestVerifyHidePhotos"/>
  <system-out>
Uploaded Images :4  </system-out>
</testsuite> <!-- test.TestVerifyHidePhotos -->
