<?xml version="1.0" encoding="UTF-8"?>
<!-- Generated by org.testng.reporters.JUnitReportReporter -->
<testsuite skipped="0" hostname="Fariz-PC" name="test.PhotosSection.TestCreateNewAlbum" tests="3" failures="0" timestamp="2021-02-02T15:23:55 PKT" time="6.374" errors="0">
  <testcase name="validate_NewFolderCreated" time="3.803" classname="test.PhotosSection.TestCreateNewAlbum"/>
  <system-out>
'AutoCreate' Folder created successfully  </system-out>
  <testcase name="validate_FolderIsOpen" time="1.192" classname="test.PhotosSection.TestCreateNewAlbum"/>
  <system-out>
Folder Open succesfully  </system-out>
  <testcase name="validate_FolderTitle_correct" time="1.379" classname="test.PhotosSection.TestCreateNewAlbum"/>
  <system-out>
'AutoCreate' title same as expected  </system-out>
</testsuite> <!-- test.PhotosSection.TestCreateNewAlbum -->
