<?xml version="1.0" encoding="UTF-8"?>
<!-- Generated by org.testng.reporters.JUnitReportReporter -->
<testsuite skipped="0" hostname="Fariz-PC" name="test.TestBackButton" tests="1" failures="0" timestamp="2021-01-29T16:25:18 PKT" time="2.246" errors="0">
  <testcase name="pressBackButton" time="2.246" classname="test.TestBackButton"/>
  <system-out/>
</testsuite> <!-- test.TestBackButton -->
