<?xml version="1.0" encoding="UTF-8"?>
<!-- Generated by org.testng.reporters.JUnitReportReporter -->
<testsuite skipped="0" hostname="Fariz-PC" name="test.PhotosSection.TestVerifyHidePhotos" tests="4" failures="0" timestamp="2021-02-02T15:23:55 PKT" time="9.573" errors="0">
  <testcase name="Validate_CountImages" time="2.301" classname="test.PhotosSection.TestVerifyHidePhotos"/>
  <system-out>
before upload :4  </system-out>
  <testcase name="Validate_ImagesSelected" time="2.905" classname="test.PhotosSection.TestVerifyHidePhotos"/>
  <system-out>
All images selected  </system-out>
  <testcase name="Validate_HideButton_working" time="1.175" classname="test.PhotosSection.TestVerifyHidePhotos"/>
  <system-out>
Hide buttton working  </system-out>
  <testcase name="Validate_All_ImagesUpladed" time="3.192" classname="test.PhotosSection.TestVerifyHidePhotos"/>
  <system-out>
Uploaded Images :4  </system-out>
</testsuite> <!-- test.PhotosSection.TestVerifyHidePhotos -->
