<?xml version="1.0" encoding="UTF-8"?>
<!-- Generated by org.testng.reporters.JUnitReportReporter -->
<testsuite skipped="0" hostname="Fariz-PC" name="test.TestUnhidePhotos" tests="2" failures="0" timestamp="2021-01-27T12:51:18 PKT" time="11.134" errors="0">
  <testcase name="verify_MediaSelectedToUnhide" time="8.421" classname="test.TestUnhidePhotos"/>
  <system-out>
All Images are selected  </system-out>
  <testcase name="verify_UnhideBtnWorking" time="2.713" classname="test.TestUnhidePhotos"/>
  <system-out>
Unhide button working fine  </system-out>
</testsuite> <!-- test.TestUnhidePhotos -->
