<?xml version="1.0" encoding="UTF-8"?>
<!-- Generated by org.testng.reporters.JUnitReportReporter -->
<testsuite skipped="0" hostname="Fariz-PC" name="test.TestDeletePhotos" tests="2" failures="0" timestamp="2021-01-29T16:06:58 PKT" time="5.453" errors="0">
  <testcase name="VerifyImageSelected" time="2.244" classname="test.TestDeletePhotos"/>
  <system-out>
Image Selected  </system-out>
  <testcase name="VeryDeletePhotosBtn_working" time="3.209" classname="test.TestDeletePhotos"/>
  <system-out>
Delete Button Working (Deleted)  </system-out>
</testsuite> <!-- test.TestDeletePhotos -->
