<?xml version="1.0" encoding="UTF-8"?>
<!-- Generated by org.testng.reporters.JUnitReportReporter -->
<testsuite skipped="0" hostname="Fariz-PC" name="test.TestOpenPhotos" tests="3" failures="0" timestamp="2021-01-29T16:22:09 PKT" time="3.154" errors="0">
  <testcase name="validate_ClickOnPhotosSection" time="0.812" classname="test.TestOpenPhotos"/>
  <system-out>
Photos Section open succesfully  </system-out>
  <testcase name="validate_TutorialPopUpSkipped" time="1.856" classname="test.TestOpenPhotos"/>
  <system-out>
Rating PopUp Does't Appear  </system-out>
  <testcase name="validate_PhotosPageTitle_correct" time="0.486" classname="test.TestOpenPhotos"/>
  <system-out>
Title Equal as per Expected  </system-out>
</testsuite> <!-- test.TestOpenPhotos -->
