<?xml version="1.0" encoding="UTF-8"?>
<!-- Generated by org.testng.reporters.JUnitReportReporter -->
<testsuite skipped="0" hostname="Fariz-PC" name="test.PhotosSection.TestOpenGallery" tests="5" failures="0" timestamp="2021-02-02T15:23:55 PKT" time="5.221" errors="0">
  <testcase name="validate_PlusButton_Working" time="0.484" classname="test.PhotosSection.TestOpenGallery"/>
  <system-out>
Import Plus Button Working fine  </system-out>
  <testcase name="validate_ImportFromGalleryBtn_Working" time="1.409" classname="test.PhotosSection.TestOpenGallery"/>
  <system-out>
import From gallery working  </system-out>
  <testcase name="validate_GalleryTitle_Correct" time="1.106" classname="test.PhotosSection.TestOpenGallery"/>
  <system-out>
Open Gallery Title of image Library is correct  </system-out>
  <testcase name="validate_ImagesFoundOnDevice" time="1.458" classname="test.PhotosSection.TestOpenGallery"/>
  <system-out>
Total Folder : 1  </system-out>
  <testcase name="validate_ImageFolder_Open" time="0.764" classname="test.PhotosSection.TestOpenGallery"/>
  <system-out>
Use FolderLock Unhide Files Folder for uploading images  </system-out>
</testsuite> <!-- test.PhotosSection.TestOpenGallery -->
