<?xml version="1.0" encoding="UTF-8"?>
<!-- Generated by org.testng.reporters.JUnitReportReporter -->
<testsuite skipped="0" hostname="Fariz-PC" name="test.PhotosSection.TestUnhidePhotos" tests="2" failures="0" timestamp="2021-02-02T15:23:55 PKT" time="5.892" errors="0">
  <testcase name="verify_MediaSelectedToUnhide" time="3.675" classname="test.PhotosSection.TestUnhidePhotos"/>
  <system-out>
All Images are selected  </system-out>
  <testcase name="verify_UnhideBtnWorking" time="2.217" classname="test.PhotosSection.TestUnhidePhotos"/>
  <system-out>
Unhide button working fine  </system-out>
</testsuite> <!-- test.PhotosSection.TestUnhidePhotos -->
