<?xml version="1.0" encoding="UTF-8"?>
<!-- Generated by org.testng.reporters.JUnitReportReporter -->
<testsuite skipped="0" hostname="Fariz-PC" name="test.PhotosSection.TestOpenPhotos" tests="3" failures="0" timestamp="2021-02-02T15:23:55 PKT" time="3.734" errors="0">
  <testcase name="validate_ClickOnPhotosSection" time="0.724" classname="test.PhotosSection.TestOpenPhotos"/>
  <system-out>
Photos Section open succesfully  </system-out>
  <testcase name="validate_TutorialPopUpSkipped" time="1.699" classname="test.PhotosSection.TestOpenPhotos"/>
  <system-out>
Rating PopUp Does't Appear  </system-out>
  <testcase name="validate_PhotosPageTitle_correct" time="1.311" classname="test.PhotosSection.TestOpenPhotos"/>
  <system-out>
Title Equal as per Expected  </system-out>
</testsuite> <!-- test.PhotosSection.TestOpenPhotos -->
