<?xml version="1.0" encoding="UTF-8"?>
<!-- Generated by org.testng.reporters.JUnitReportReporter -->
<testsuite skipped="0" hostname="Fariz-PC" name="test.VideosSection.TestDeleteVideos" tests="2" failures="0" timestamp="2021-02-02T15:23:55 PKT" time="3.759" errors="0">
  <testcase name="VerifyVideosSelected" time="1.959" classname="test.VideosSection.TestDeleteVideos"/>
  <system-out>
Videos Selected  </system-out>
  <testcase name="VerifyDeleteVideosBtn_working" time="1.800" classname="test.VideosSection.TestDeleteVideos"/>
  <system-out>
Delete Button Working (Deleted)  </system-out>
</testsuite> <!-- test.VideosSection.TestDeleteVideos -->
