<?xml version="1.0" encoding="UTF-8"?>
<!-- Generated by org.testng.reporters.JUnitReportReporter -->
<testsuite skipped="0" hostname="Fariz-PC" name="test.PhotosSection.TestDeletePhotos" tests="2" failures="0" timestamp="2021-02-02T15:23:55 PKT" time="4.300" errors="0">
  <testcase name="VerifyImageSelected" time="2.007" classname="test.PhotosSection.TestDeletePhotos"/>
  <system-out>
Image Selected  </system-out>
  <testcase name="VeryDeletePhotosBtn_working" time="2.293" classname="test.PhotosSection.TestDeletePhotos"/>
  <system-out>
Delete Button Working (Deleted)  </system-out>
</testsuite> <!-- test.PhotosSection.TestDeletePhotos -->
