<?xml version="1.0" encoding="UTF-8"?>
<!-- Generated by org.testng.reporters.JUnitReportReporter -->
<testsuite skipped="0" hostname="Fariz-PC" name="test.VideosSection.TestEditAlbum" tests="4" failures="0" timestamp="2021-02-24T17:31:40 PKT" time="8.913" errors="0">
  <testcase name="validate_NewFolderCreated" time="0.263" classname="test.VideosSection.TestEditAlbum"/>
  <system-out>
'AutoCreate' Folder Already present in device  </system-out>
  <testcase name="clickOnEditAlbum" time="0.564" classname="test.VideosSection.TestEditAlbum"/>
  <system-out>
Edit Album button working  </system-out>
  <testcase name="varify_AlbumRenameWorking" time="4.125" classname="test.VideosSection.TestEditAlbum"/>
  <system-out>
Album Rename working  </system-out>
  <testcase name="varify_AlbumDeleteWorking" time="3.961" classname="test.VideosSection.TestEditAlbum"/>
  <system-out>
Album Delete button Working  </system-out>
</testsuite> <!-- test.VideosSection.TestEditAlbum -->
