<?xml version="1.0" encoding="UTF-8"?>
<!-- Generated by org.testng.reporters.JUnitReportReporter -->
<testsuite skipped="0" hostname="Fariz-PC" name="test.VideosSection.TestCreateNewAlbum" tests="3" failures="0" timestamp="2021-02-24T17:31:40 PKT" time="8.342" errors="0">
  <testcase name="validate_NewFolderCreated" time="4.456" classname="test.VideosSection.TestCreateNewAlbum"/>
  <system-out>
'AutoCreate' Folder created successfully  </system-out>
  <testcase name="validate_FolderIsOpen" time="1.914" classname="test.VideosSection.TestCreateNewAlbum"/>
  <system-out>
Folder Open succesfully  </system-out>
  <testcase name="validate_FolderTitle_correct" time="1.972" classname="test.VideosSection.TestCreateNewAlbum"/>
  <system-out>
'AutoCreate' title same as expected  </system-out>
</testsuite> <!-- test.VideosSection.TestCreateNewAlbum -->
