<?xml version="1.0" encoding="UTF-8"?>
<!-- Generated by org.testng.reporters.JUnitReportReporter -->
<testsuite skipped="0" hostname="Fariz-PC" name="test.TestLoginWithPin" tests="3" failures="0" timestamp="2021-01-29T16:21:44 PKT" time="2.864" errors="0">
  <testcase name="validate_pin_working_correct" time="0.796" classname="test.TestLoginWithPin"/>
  <system-out>
Pin Enter into text box successfully  </system-out>
  <testcase name="validate_ratingPopUpSkiped" time="1.563" classname="test.TestLoginWithPin"/>
  <system-out>
Rating PopUp does't appear  </system-out>
  <testcase name="validate_DashboardApear_Correct" time="0.505" classname="test.TestLoginWithPin"/>
  <system-out>
Dashoard Title 'Folder Lock' is correct  </system-out>
</testsuite> <!-- test.TestLoginWithPin -->
