<?xml version="1.0" encoding="UTF-8"?>
<!-- Generated by org.testng.reporters.JUnitReportReporter -->
<testsuite skipped="0" hostname="Fariz-PC" name="test.VideosSection.TestOpenGallery" tests="5" failures="0" timestamp="2021-02-02T15:23:55 PKT" time="4.559" errors="0">
  <testcase name="validate_PlusButton_Working" time="0.479" classname="test.VideosSection.TestOpenGallery"/>
  <system-out>
Import Plus Button Working fine  </system-out>
  <testcase name="validate_ImportFromGalleryBtn_Working" time="1.242" classname="test.VideosSection.TestOpenGallery"/>
  <system-out>
import From gallery working  </system-out>
  <testcase name="validate_GalleryTitle_Correct" time="1.563" classname="test.VideosSection.TestOpenGallery"/>
  <system-out>
Open Gallery Title of videos Library is correct  </system-out>
  <testcase name="validate_VideosFoundOnDevice" time="0.708" classname="test.VideosSection.TestOpenGallery"/>
  <system-out>
Total Folder : 2  </system-out>
  <testcase name="validate_VideosFolder_Open" time="0.567" classname="test.VideosSection.TestOpenGallery"/>
  <system-out>
Use 0 Folder for uploading images  </system-out>
</testsuite> <!-- test.VideosSection.TestOpenGallery -->
