<?xml version="1.0" encoding="UTF-8"?>
<!-- Generated by org.testng.reporters.JUnitReportReporter -->
<testsuite skipped="0" hostname="Fariz-PC" name="test.PhotosSection.TestBackButton" tests="2" failures="0" timestamp="2021-02-02T15:23:55 PKT" time="6.646" errors="0">
  <testcase name="pressBackButton" time="3.272" classname="test.PhotosSection.TestBackButton"/>
  <system-out>
Press back button two time to go back main screen  </system-out>
  <testcase name="pressBackButton" time="3.374" classname="test.PhotosSection.TestBackButton"/>
  <system-out>
Press back button two time to go back main screen  </system-out>
</testsuite> <!-- test.PhotosSection.TestBackButton -->
