<?xml version="1.0" encoding="UTF-8"?>
<!-- Generated by org.testng.reporters.JUnitReportReporter -->
<testsuite skipped="0" hostname="Fariz-PC" name="test.TestEditAlbum" tests="4" failures="0" timestamp="2021-01-29T16:06:58 PKT" time="8.769" errors="0">
  <testcase name="validate_NewFolderCreated" time="0.545" classname="test.TestEditAlbum"/>
  <system-out>
'AutoCreate' Folder Already present in device  </system-out>
  <testcase name="clickOnEditAlbum" time="0.530" classname="test.TestEditAlbum"/>
  <system-out>
Edit Album button working  </system-out>
  <testcase name="varify_AlbumRenameWorking" time="4.107" classname="test.TestEditAlbum"/>
  <system-out>
Album Rename working  </system-out>
  <testcase name="varify_AlbumDeleteWorking" time="3.587" classname="test.TestEditAlbum"/>
  <system-out>
Album Delete button Working  </system-out>
</testsuite> <!-- test.TestEditAlbum -->
