<?xml version="1.0" encoding="UTF-8"?>
<!-- Generated by org.testng.reporters.JUnitReportReporter -->
<testsuite skipped="0" hostname="Fariz-PC" name="test.TestOpenPhotos" tests="11" failures="0" timestamp="2021-01-26T18:54:35 PKT" time="12.282" errors="0">
  <testcase name="validate_ClickOnPhotosSection" time="0.780" classname="test.TestOpenPhotos"/>
  <system-out>
Photos Section open succesfully  </system-out>
  <testcase name="validate_TutorialPopUpSkipped" time="5.246" classname="test.TestOpenPhotos"/>
  <system-out>
Rating PopUp Does't Appear  </system-out>
  <testcase name="validate_PhotosPageTitle_correct" time="0.367" classname="test.TestOpenPhotos"/>
  <system-out>
Title Equal as per Expected  </system-out>
  <testcase name="validate_NewFolderCreated" time="0.259" classname="test.TestOpenPhotos"/>
  <system-out>
'AutoCreate' Folder Already present in device  </system-out>
  <testcase name="validate_FolderIsOpen" time="0.289" classname="test.TestOpenPhotos"/>
  <system-out>
Folder Open succesfully  </system-out>
  <testcase name="validate_FolderTitle_correct" time="0.341" classname="test.TestOpenPhotos"/>
  <system-out>
'AutoCreate' title same as expected  </system-out>
  <testcase name="validate_PlusButton_Working" time="1.198" classname="test.TestOpenPhotos"/>
  <system-out>
Import Plus Button Working fine  </system-out>
  <testcase name="validate_ImportFromGalleryBtn_Working" time="1.170" classname="test.TestOpenPhotos"/>
  <system-out>
import From gallery working  </system-out>
  <testcase name="validate_GalleryTitle_Correct" time="1.559" classname="test.TestOpenPhotos"/>
  <system-out>
Open Gallery Title of image Library is correct  </system-out>
  <testcase name="validate_ImagesFoundOnDevice" time="0.511" classname="test.TestOpenPhotos"/>
  <system-out>
Total Folder : 1  </system-out>
  <testcase name="validate_ImageFolder_Open" time="0.562" classname="test.TestOpenPhotos"/>
  <system-out>
Use FolderLock Unhide Files Folder for uploading images  </system-out>
</testsuite> <!-- test.TestOpenPhotos -->
