<?xml version="1.0" encoding="UTF-8"?>
<!-- Generated by org.testng.reporters.JUnitReportReporter -->
<testsuite skipped="0" hostname="Fariz-PC" name="test.TestUnhidePhotos" tests="2" failures="0" timestamp="2021-01-29T16:06:59 PKT" time="5.647" errors="0">
  <testcase name="verify_MediaSelectedToUnhide" time="3.547" classname="test.TestUnhidePhotos"/>
  <system-out>
All Images are selected  </system-out>
  <testcase name="verify_UnhideBtnWorking" time="2.100" classname="test.TestUnhidePhotos"/>
  <system-out>
Unhide button working fine  </system-out>
</testsuite> <!-- test.TestUnhidePhotos -->
