<?xml version="1.0" encoding="UTF-8"?>
<!-- Generated by org.testng.reporters.JUnitReportReporter -->
<testsuite skipped="0" hostname="Fariz-PC" name="test.VideosSection.TestUnhideVideos" tests="2" failures="0" timestamp="2021-02-02T15:23:55 PKT" time="5.359" errors="0">
  <testcase name="verify_MediaSelectedToUnhide" time="3.303" classname="test.VideosSection.TestUnhideVideos"/>
  <system-out>
All Videos are selected  </system-out>
  <testcase name="verify_UnhideBtnWorking" time="2.056" classname="test.VideosSection.TestUnhideVideos"/>
  <system-out>
Unhide button working fine  </system-out>
</testsuite> <!-- test.VideosSection.TestUnhideVideos -->
