<?xml version="1.0" encoding="UTF-8"?>
<!-- Generated by org.testng.reporters.JUnitReportReporter -->
<testsuite skipped="0" hostname="Fariz-PC" name="test.VideosSection.TestHideVideos" tests="4" failures="0" timestamp="2021-02-02T15:23:55 PKT" time="8.326" errors="0">
  <testcase name="Validate_CountVideos" time="1.674" classname="test.VideosSection.TestHideVideos"/>
  <system-out>
before upload :5  </system-out>
  <testcase name="Validate_VideosSelected" time="3.351" classname="test.VideosSection.TestHideVideos"/>
  <system-out>
All images selected  </system-out>
  <testcase name="Validate_HideButton_working" time="1.090" classname="test.VideosSection.TestHideVideos"/>
  <system-out>
Hide buttton working  </system-out>
  <testcase name="Validate_All_VideosImported" time="2.211" classname="test.VideosSection.TestHideVideos"/>
  <system-out>
Uploaded Images :5  </system-out>
</testsuite> <!-- test.VideosSection.TestHideVideos -->
