<?xml version="1.0" encoding="UTF-8"?>
<!-- Generated by org.testng.reporters.JUnitReportReporter -->
<testsuite skipped="0" hostname="Fariz-PC" name="test.PhotosSection.TestOpenPhotos" tests="3" failures="0" timestamp="2021-02-24T17:31:40 PKT" time="5.843" errors="0">
  <testcase name="validate_ClickOnPhotosSection" time="0.515" classname="test.PhotosSection.TestOpenPhotos"/>
  <system-out>
Photos Section open succesfully  </system-out>
  <testcase name="validate_TutorialPopUpSkipped" time="4.307" classname="test.PhotosSection.TestOpenPhotos"/>
  <system-out>
Tutorial Popup Skipped  </system-out>
  <testcase name="validate_PhotosPageTitle_correct" time="1.021" classname="test.PhotosSection.TestOpenPhotos"/>
  <system-out>
Title Equal as per Expected  </system-out>
</testsuite> <!-- test.PhotosSection.TestOpenPhotos -->
